2024-11-04 14:04:09,719 INFO  [org.jboss.modules] (main) JBoss Modules version 1.10.2.Final
2024-11-04 14:05:50,029 INFO  [org.jboss.modules] (main) JBoss Modules version 1.10.2.Final
2024-11-04 14:05:55,734 INFO  [org.jboss.msc] (main) JBoss MSC version 1.4.12.Final
2024-11-04 14:05:55,742 INFO  [org.jboss.threads] (main) JBoss Threads version 2.4.0.Final
2024-11-04 14:05:55,856 INFO  [org.jboss.as] (MSC service thread 1-2) WFLYSRV0049: WildFly Full 21.0.0.Final (WildFly Core 13.0.1.Final) starting
2024-11-04 14:05:55,857 DEBUG [org.jboss.as.config] (MSC service thread 1-2) Configured system properties:
	[Standalone] = 
	file.encoding = UTF-8
	file.separator = /
	java.awt.headless = true
	java.class.path = /home/studs/s409517/wildfly/wildfly-21.0.0.Final/jboss-modules.jar
	java.class.version = 61.0
	java.home = /usr/local/openjdk17
	java.io.tmpdir = /tmp/
	java.library.path = /usr/java/packages/lib/amd64:/usr/lib:/usr/local/lib
	java.net.preferIPv4Stack = true
	java.runtime.name = OpenJDK Runtime Environment
	java.runtime.version = 17.0.12+7-1
	java.specification.name = Java Platform API Specification
	java.specification.vendor = Oracle Corporation
	java.specification.version = 17
	java.util.logging.manager = org.jboss.logmanager.LogManager
	java.vendor = OpenJDK BSD Porting Team
	java.vendor.url = https://github.com/battleblow/jdk17u/
	java.vendor.url.bug = https://bugs.freebsd.org/bugzilla/enter_bug.cgi?product=Ports%20%26%20Packages&component=Individual%20Port(s)&short_desc=java/openjdk17%3A%20
	java.version = 17.0.12
	java.version.date = 2024-07-16
	java.vm.compressedOopsMode = Non-zero based
	java.vm.info = mixed mode, sharing
	java.vm.name = OpenJDK 64-Bit Server VM
	java.vm.specification.name = Java Virtual Machine Specification
	java.vm.specification.vendor = Oracle Corporation
	java.vm.specification.version = 17
	java.vm.vendor = OpenJDK BSD Porting Team
	java.vm.version = 17.0.12+7-1
	javax.management.builder.initial = org.jboss.as.jmx.PluggableMBeanServerBuilder
	jboss.home.dir = /home/studs/s409517/wildfly/wildfly-21.0.0.Final
	jboss.host.name = helios
	jboss.modules.dir = /home/studs/s409517/wildfly/wildfly-21.0.0.Final/modules
	jboss.modules.system.pkgs = org.jboss.byteman
	jboss.node.name = helios
	jboss.qualified.host.name = helios.cs.ifmo.ru
	jboss.server.base.dir = /home/studs/s409517/wildfly/wildfly-21.0.0.Final/standalone
	jboss.server.config.dir = /home/studs/s409517/wildfly/wildfly-21.0.0.Final/standalone/configuration
	jboss.server.data.dir = /home/studs/s409517/wildfly/wildfly-21.0.0.Final/standalone/data
	jboss.server.deploy.dir = /home/studs/s409517/wildfly/wildfly-21.0.0.Final/standalone/data/content
	jboss.server.log.dir = /home/studs/s409517/wildfly/wildfly-21.0.0.Final/standalone/log
	jboss.server.name = helios
	jboss.server.persist.config = true
	jboss.server.temp.dir = /home/studs/s409517/wildfly/wildfly-21.0.0.Final/standalone/tmp
	jdk.debug = release
	line.separator = 

	logging.configuration = file:/home/studs/s409517/wildfly/wildfly-21.0.0.Final/standalone/configuration/logging.properties
	module.path = /home/studs/s409517/wildfly/wildfly-21.0.0.Final/modules
	native.encoding = UTF-8
	org.jboss.boot.log.file = /home/studs/s409517/wildfly/wildfly-21.0.0.Final/standalone/log/server.log
	org.jboss.resolver.warning = true
	os.arch = amd64
	os.name = FreeBSD
	os.version = 14.1-STABLE
	path.separator = :
	sun.arch.data.model = 64
	sun.boot.library.path = /usr/local/openjdk17/lib
	sun.cpu.endian = little
	sun.io.unicode.encoding = UnicodeLittle
	sun.java.command = /home/studs/s409517/wildfly/wildfly-21.0.0.Final/jboss-modules.jar -mp /home/studs/s409517/wildfly/wildfly-21.0.0.Final/modules org.jboss.as.standalone -Djboss.home.dir=/home/studs/s409517/wildfly/wildfly-21.0.0.Final -Djboss.server.base.dir=/home/studs/s409517/wildfly/wildfly-21.0.0.Final/standalone
	sun.java.launcher = SUN_STANDARD
	sun.jnu.encoding = UTF-8
	sun.management.compiler = HotSpot 64-Bit Tiered Compilers
	sun.stderr.encoding = UTF-8
	sun.stdout.encoding = UTF-8
	user.country = RU
	user.dir = /home/studs/s409517/webLabs/lab2
	user.home = /home/studs/s409517
	user.language = ru
	user.name = s409517
	user.timezone = Europe/Moscow
2024-11-04 14:05:55,860 DEBUG [org.jboss.as.config] (MSC service thread 1-2) VM Arguments: -D[Standalone] -Xms64m -Xmx512m -XX:MetaspaceSize=96M -XX:MaxMetaspaceSize=256m -Djava.net.preferIPv4Stack=true -Djboss.modules.system.pkgs=org.jboss.byteman -Djava.awt.headless=true --add-exports=java.base/sun.nio.ch=ALL-UNNAMED --add-exports=jdk.unsupported/sun.misc=ALL-UNNAMED --add-exports=jdk.unsupported/sun.reflect=ALL-UNNAMED -Dorg.jboss.boot.log.file=/home/studs/s409517/wildfly/wildfly-21.0.0.Final/standalone/log/server.log -Dlogging.configuration=file:/home/studs/s409517/wildfly/wildfly-21.0.0.Final/standalone/configuration/logging.properties -XX:MaxHeapSize=1G -XX:MaxMetaspaceSize=128m 
2024-11-04 14:06:09,191 INFO  [org.wildfly.security] (ServerService Thread Pool -- 28) ELY00001: WildFly Elytron version 1.13.1.Final
2024-11-04 14:06:11,310 INFO  [org.jboss.as.controller.management-deprecated] (Controller Boot Thread) WFLYCTL0028: Attribute 'security-realm' in the resource at address '/core-service=management/management-interface=http-interface' is deprecated, and may be removed in a future version. See the attribute description in the output of the read-resource-description operation to learn more about the deprecation.
2024-11-04 14:06:11,328 INFO  [org.jboss.as.controller.management-deprecated] (ServerService Thread Pool -- 12) WFLYCTL0028: Attribute 'security-realm' in the resource at address '/subsystem=undertow/server=default-server/https-listener=https' is deprecated, and may be removed in a future version. See the attribute description in the output of the read-resource-description operation to learn more about the deprecation.
2024-11-04 14:06:11,351 INFO  [org.jboss.as.repository] (ServerService Thread Pool -- 23) WFLYDR0001: Content added at location /home/studs/s409517/wildfly/wildfly-21.0.0.Final/standalone/data/content/4b/327fa60fa2123d92f8182a55849e5bae6d25c6/content
2024-11-04 14:06:11,381 INFO  [org.jboss.as.server] (Controller Boot Thread) WFLYSRV0039: Creating http management service using socket-binding (management-http)
2024-11-04 14:06:11,394 INFO  [org.xnio] (MSC service thread 1-2) XNIO version 3.8.2.Final
2024-11-04 14:06:11,399 INFO  [org.xnio.nio] (MSC service thread 1-2) XNIO NIO Implementation Version 3.8.2.Final
2024-11-04 14:06:11,422 INFO  [org.jboss.as.clustering.infinispan] (ServerService Thread Pool -- 52) WFLYCLINF0001: Activating Infinispan subsystem.
2024-11-04 14:06:11,427 INFO  [org.wildfly.extension.microprofile.jwt.smallrye._private] (ServerService Thread Pool -- 63) WFLYJWT0001: Activating WildFly MicroProfile JWT Subsystem
2024-11-04 14:06:11,429 WARN  [org.jboss.as.txn] (ServerService Thread Pool -- 74) WFLYTX0013: The node-identifier attribute on the /subsystem=transactions is set to the default value. This is a danger for environments running multiple servers. Please make sure the attribute value is unique.
2024-11-04 14:06:11,436 INFO  [org.wildfly.extension.io] (ServerService Thread Pool -- 53) WFLYIO001: Worker 'default' has auto-configured to 32 IO threads with 256 max task threads based on your 16 available processors
2024-11-04 14:06:11,436 INFO  [org.wildfly.extension.microprofile.config.smallrye._private] (ServerService Thread Pool -- 61) WFLYCONF0001: Activating WildFly MicroProfile Config Subsystem
2024-11-04 14:06:11,438 INFO  [org.jboss.as.naming] (ServerService Thread Pool -- 66) WFLYNAM0001: Activating Naming Subsystem
2024-11-04 14:06:11,440 INFO  [org.jboss.as.security] (ServerService Thread Pool -- 72) WFLYSEC0002: Activating Security Subsystem
2024-11-04 14:06:11,445 INFO  [org.jboss.as.security] (MSC service thread 1-8) WFLYSEC0001: Current PicketBox version=5.0.3.Final-redhat-00006
2024-11-04 14:06:11,446 INFO  [org.wildfly.extension.microprofile.health.smallrye] (ServerService Thread Pool -- 62) WFLYHEALTH0001: Activating Eclipse MicroProfile Health Subsystem
2024-11-04 14:06:11,447 INFO  [org.wildfly.extension.microprofile.opentracing] (ServerService Thread Pool -- 65) WFLYTRACEXT0001: Activating MicroProfile OpenTracing Subsystem
2024-11-04 14:06:11,448 INFO  [org.jboss.as.webservices] (ServerService Thread Pool -- 76) WFLYWS0002: Activating WebServices Extension
2024-11-04 14:06:11,451 INFO  [org.jboss.as.jsf] (ServerService Thread Pool -- 59) WFLYJSF0007: Activated the following JSF Implementations: [main]
2024-11-04 14:06:11,456 INFO  [org.jboss.as.connector] (MSC service thread 1-6) WFLYJCA0009: Starting JCA Subsystem (WildFly/IronJacamar 1.4.23.Final)
2024-11-04 14:06:11,456 INFO  [org.wildfly.extension.microprofile.metrics.smallrye] (ServerService Thread Pool -- 64) WFLYMETRICS0001: Activating Eclipse MicroProfile Metrics Subsystem
2024-11-04 14:06:11,468 INFO  [org.jboss.remoting] (MSC service thread 1-5) JBoss Remoting version 5.0.19.Final
2024-11-04 14:06:11,476 INFO  [org.jboss.as.naming] (MSC service thread 1-4) WFLYNAM0003: Starting Naming Service
2024-11-04 14:06:11,478 INFO  [org.jboss.as.mail.extension] (MSC service thread 1-2) WFLYMAIL0001: Bound mail session [java:jboss/mail/Default]
2024-11-04 14:06:11,489 INFO  [org.jboss.as.connector.subsystems.datasources] (ServerService Thread Pool -- 44) WFLYJCA0004: Deploying JDBC-compliant driver class org.h2.Driver (version 1.4)
2024-11-04 14:06:11,496 INFO  [org.wildfly.extension.undertow] (MSC service thread 1-7) WFLYUT0003: Undertow 2.2.2.Final starting
2024-11-04 14:06:11,499 INFO  [org.jboss.as.connector.deployers.jdbc] (MSC service thread 1-7) WFLYJCA0018: Started Driver service with driver-name = h2
2024-11-04 14:06:11,596 INFO  [org.wildfly.extension.undertow] (ServerService Thread Pool -- 75) WFLYUT0014: Creating file handler for path '/home/studs/s409517/wildfly/wildfly-21.0.0.Final/welcome-content' with options [directory-listing: 'false', follow-symlink: 'false', case-sensitive: 'true', safe-symlink-paths: '[]']
2024-11-04 14:06:11,602 INFO  [org.wildfly.extension.undertow] (MSC service thread 1-1) WFLYUT0012: Started server default-server.
2024-11-04 14:06:11,605 INFO  [org.wildfly.extension.undertow] (MSC service thread 1-4) WFLYUT0018: Host default-host starting
2024-11-04 14:06:11,606 INFO  [org.jboss.as.jaxrs] (ServerService Thread Pool -- 54) WFLYRS0016: RESTEasy version 3.13.2.Final
2024-11-04 14:06:11,658 INFO  [org.wildfly.extension.undertow] (MSC service thread 1-6) WFLYUT0006: Undertow HTTP listener default listening on 0.0.0.0:28800
2024-11-04 14:06:11,682 INFO  [org.jboss.as.ejb3] (MSC service thread 1-7) WFLYEJB0493: EJB subsystem suspension complete
2024-11-04 14:06:11,683 INFO  [org.jboss.as.ejb3] (MSC service thread 1-8) WFLYEJB0482: Strict pool mdb-strict-max-pool is using a max instance size of 64 (per class), which is derived from the number of CPUs on this host.
2024-11-04 14:06:11,683 INFO  [org.jboss.as.ejb3] (MSC service thread 1-2) WFLYEJB0481: Strict pool slsb-strict-max-pool is using a max instance size of 256 (per class), which is derived from thread worker pool sizing.
2024-11-04 14:06:11,720 INFO  [org.jboss.as.connector.subsystems.datasources] (MSC service thread 1-7) WFLYJCA0001: Bound data source [java:jboss/datasources/ExampleDS]
2024-11-04 14:06:21,878 INFO  [org.jboss.as.patching] (MSC service thread 1-1) WFLYPAT0050: WildFly Full cumulative patch ID is: base, one-off patches include: none
2024-11-04 14:06:21,887 WARN  [org.jboss.as.domain.management.security] (MSC service thread 1-3) WFLYDM0111: Keystore /home/studs/s409517/wildfly/wildfly-21.0.0.Final/standalone/configuration/application.keystore not found, it will be auto generated on first use with a self signed certificate for host localhost
2024-11-04 14:06:21,892 INFO  [org.jboss.as.server.deployment.scanner] (MSC service thread 1-2) WFLYDS0013: Started FileSystemDeploymentService for directory /home/studs/s409517/wildfly/wildfly-21.0.0.Final/standalone/deployments
2024-11-04 14:06:21,897 INFO  [org.jboss.as.server.deployment] (MSC service thread 1-3) WFLYSRV0027: Starting deployment of "server.war" (runtime-name: "server.war")
2024-11-04 14:06:21,937 INFO  [org.wildfly.extension.undertow] (MSC service thread 1-6) WFLYUT0006: Undertow HTTPS listener https listening on 0.0.0.0:28802
2024-11-04 14:06:22,128 INFO  [org.jboss.ws.common.management] (MSC service thread 1-3) JBWS022052: Starting JBossWS 5.4.2.Final (Apache CXF 3.3.7) 
2024-11-04 14:06:23,017 INFO  [org.infinispan.CONTAINER] (ServerService Thread Pool -- 79) ISPN000128: Infinispan version: Infinispan 'Corona Extra' 11.0.4.Final
2024-11-04 14:06:23,119 INFO  [org.infinispan.CONFIG] (MSC service thread 1-6) ISPN000152: Passivation configured without an eviction policy being selected. Only manually evicted entities will be passivated.
2024-11-04 14:06:23,121 INFO  [org.infinispan.CONFIG] (MSC service thread 1-6) ISPN000152: Passivation configured without an eviction policy being selected. Only manually evicted entities will be passivated.
2024-11-04 14:06:23,185 INFO  [org.infinispan.PERSISTENCE] (ServerService Thread Pool -- 79) ISPN000556: Starting user marshaller 'org.wildfly.clustering.infinispan.spi.marshalling.InfinispanProtoStreamMarshaller'
2024-11-04 14:06:23,333 INFO  [org.jboss.as.clustering.infinispan] (ServerService Thread Pool -- 79) WFLYCLINF0002: Started http-remoting-connector cache from ejb container
2024-11-04 14:06:23,412 INFO  [org.wildfly.extension.undertow] (ServerService Thread Pool -- 80) WFLYUT0021: Registered web context: '/server' for server 'default-server'
2024-11-04 14:06:23,486 INFO  [org.jboss.as.server] (ServerService Thread Pool -- 45) WFLYSRV0010: Deployed "server.war" (runtime-name : "server.war")
2024-11-04 14:06:23,529 INFO  [org.jboss.as.server] (Controller Boot Thread) WFLYSRV0212: Resuming server
2024-11-04 14:06:23,531 INFO  [org.jboss.as] (Controller Boot Thread) WFLYSRV0025: WildFly Full 21.0.0.Final (WildFly Core 13.0.1.Final) started in 33833ms - Started 418 of 643 services (375 services are lazy, passive or on-demand)
2024-11-04 14:06:23,533 INFO  [org.jboss.as] (Controller Boot Thread) WFLYSRV0060: Http management interface listening on http://127.0.0.1:28803/management
2024-11-04 14:06:23,533 INFO  [org.jboss.as] (Controller Boot Thread) WFLYSRV0051: Admin console listening on http://127.0.0.1:28803
2024-11-04 14:16:37,920 INFO  [org.jboss.as.server] (Thread-1) WFLYSRV0272: Suspending server
2024-11-04 14:16:37,922 INFO  [org.jboss.as.ejb3] (Thread-1) WFLYEJB0493: EJB subsystem suspension complete
2024-11-04 14:16:37,926 INFO  [org.jboss.as.server] (Thread-1) WFLYSRV0220: Server shutdown has been requested via an OS signal
2024-11-04 14:16:37,936 INFO  [org.jboss.as.mail.extension] (MSC service thread 1-5) WFLYMAIL0002: Unbound mail session [java:jboss/mail/Default]
2024-11-04 14:16:37,936 INFO  [org.wildfly.extension.undertow] (ServerService Thread Pool -- 82) WFLYUT0022: Unregistered web context: '/server' from server 'default-server'
2024-11-04 14:16:37,940 INFO  [org.jboss.as.connector.subsystems.datasources] (MSC service thread 1-5) WFLYJCA0010: Unbound data source [java:jboss/datasources/ExampleDS]
2024-11-04 14:16:37,940 INFO  [org.wildfly.extension.undertow] (MSC service thread 1-7) WFLYUT0019: Host default-host stopping
2024-11-04 14:16:37,941 INFO  [org.jboss.as.connector.deployers.jdbc] (MSC service thread 1-1) WFLYJCA0019: Stopped Driver service with driver-name = h2
2024-11-04 14:16:37,945 INFO  [org.jboss.as.clustering.infinispan] (ServerService Thread Pool -- 82) WFLYCLINF0003: Stopped http-remoting-connector cache from ejb container
2024-11-04 14:16:37,946 INFO  [org.infinispan.manager.DefaultCacheManager] (ServerService Thread Pool -- 82) Stopping cache manager null on null
2024-11-04 14:16:37,990 INFO  [org.wildfly.extension.undertow] (MSC service thread 1-8) WFLYUT0008: Undertow HTTP listener default suspending
2024-11-04 14:16:37,990 INFO  [org.wildfly.extension.undertow] (MSC service thread 1-7) WFLYUT0008: Undertow HTTPS listener https suspending
2024-11-04 14:16:37,990 INFO  [org.wildfly.extension.undertow] (MSC service thread 1-7) WFLYUT0007: Undertow HTTPS listener https stopped, was bound to 0.0.0.0:28802
2024-11-04 14:16:37,990 INFO  [org.wildfly.extension.undertow] (MSC service thread 1-8) WFLYUT0007: Undertow HTTP listener default stopped, was bound to 0.0.0.0:28800
2024-11-04 14:16:37,991 INFO  [org.wildfly.extension.undertow] (MSC service thread 1-7) WFLYUT0004: Undertow 2.2.2.Final stopping
2024-11-04 14:16:37,992 INFO  [org.jboss.as.server.deployment] (MSC service thread 1-3) WFLYSRV0028: Stopped deployment server.war (runtime-name: server.war) in 61ms
2024-11-04 14:16:37,997 INFO  [org.jboss.as] (MSC service thread 1-1) WFLYSRV0050: WildFly Full 21.0.0.Final (WildFly Core 13.0.1.Final) stopped in 69ms
